<?xml version="1.0" encoding="UTF-8"?>
<testsuite name="com.su481ns8u.UserRegestrationJUnitTest" tests="3" skipped="0" failures="0" errors="0" timestamp="2020-06-18T19:53:08" hostname="DESKTOP-9DCLVAF" time="0.004">
  <properties/>
  <testcase name="validateLastName[0]" classname="com.su481ns8u.UserRegestrationJUnitTest" time="0.002"/>
  <testcase name="validateLastName[1]" classname="com.su481ns8u.UserRegestrationJUnitTest" time="0.0"/>
  <testcase name="validateLastName[2]" classname="com.su481ns8u.UserRegestrationJUnitTest" time="0.001"/>
  <system-out><![CDATA[]]></system-out>
  <system-err><![CDATA[]]></system-err>
</testsuite>
