<?xml version="1.0" encoding="UTF-8"?>
<testsuite name="com.su481ns8u.PasswordValidation" tests="6" skipped="0" failures="0" errors="0" timestamp="2020-06-29T04:32:14" hostname="DESKTOP-9DCLVAF" time="0.008">
  <properties/>
  <testcase name="validatePassword[0]" classname="com.su481ns8u.PasswordValidation" time="0.004"/>
  <testcase name="validatePassword[1]" classname="com.su481ns8u.PasswordValidation" time="0.001"/>
  <testcase name="validatePassword[2]" classname="com.su481ns8u.PasswordValidation" time="0.0"/>
  <testcase name="validatePassword[3]" classname="com.su481ns8u.PasswordValidation" time="0.0"/>
  <testcase name="validatePassword[4]" classname="com.su481ns8u.PasswordValidation" time="0.0"/>
  <testcase name="validatePassword[5]" classname="com.su481ns8u.PasswordValidation" time="0.0"/>
  <system-out><![CDATA[]]></system-out>
  <system-err><![CDATA[]]></system-err>
</testsuite>
